\BOOKMARK [1][]{section.1}{\376\377\116\000\060\001\000\040\225\356\230\230\221\315\217\360}{}% 1
\BOOKMARK [2][]{subsection.1.1}{\376\377\0001\000.\0001\000\040\225\356\230\230\166\204\200\314\146\157}{section.1}% 2
\BOOKMARK [2][]{subsection.1.2}{\376\377\0001\000.\0002\000\040\225\356\230\230\166\204\221\315\217\360}{section.1}% 3
\BOOKMARK [1][]{section.2}{\376\377\116\214\060\001\000\040\225\356\230\230\122\006\147\220}{}% 4
\BOOKMARK [2][]{subsection.2.1}{\376\377\0002\000.\0001\000\040\225\356\230\230\116\000\166\204\122\006\147\220}{section.2}% 5
\BOOKMARK [2][]{subsection.2.2}{\376\377\0002\000.\0002\000\040\225\356\230\230\116\214\166\204\122\006\147\220}{section.2}% 6
\BOOKMARK [2][]{subsection.2.3}{\376\377\0002\000.\0003\000\040\225\356\230\230\116\011\166\204\122\006\147\220}{section.2}% 7
\BOOKMARK [2][]{subsection.2.4}{\376\377\0002\000.\0004\000\040\225\356\230\230\126\333\166\204\122\006\147\220}{section.2}% 8
\BOOKMARK [1][]{section.3}{\376\377\116\011\060\001\000\040\152\041\127\213\120\107\213\276}{}% 9
\BOOKMARK [1][]{section.4}{\376\377\126\333\060\001\000\040\173\046\123\367\213\364\146\016}{}% 10
\BOOKMARK [1][]{section.5}{\376\377\116\224\060\001\000\040\152\041\127\213\166\204\136\372\172\313\116\016\154\102\211\343}{}% 11
\BOOKMARK [2][]{subsection.5.1}{\376\377\0005\000.\0001\000\040\225\356\230\230\116\000\152\041\127\213\166\204\136\372\172\313\116\016\154\102\211\343}{section.5}% 12
\BOOKMARK [3][]{subsubsection.5.1.1}{\376\377\0005\000.\0001\000.\0001\000\040\152\041\127\213\166\204\136\372\172\313}{subsection.5.1}% 13
\BOOKMARK [3][]{subsubsection.5.1.2}{\376\377\0005\000.\0001\000.\0002\000\040\152\041\127\213\166\204\154\102\211\343}{subsection.5.1}% 14
\BOOKMARK [2][]{subsection.5.2}{\376\377\0005\000.\0002\000\040\225\356\230\230\116\214\152\041\127\213\166\204\136\372\172\313\116\016\154\102\211\343}{section.5}% 15
\BOOKMARK [3][]{subsubsection.5.2.1}{\376\377\0005\000.\0002\000.\0001\000\040\152\041\127\213\166\204\136\372\172\313}{subsection.5.2}% 16
\BOOKMARK [3][]{subsubsection.5.2.2}{\376\377\0005\000.\0002\000.\0002\000\040\152\041\127\213\166\204\154\102\211\343}{subsection.5.2}% 17
\BOOKMARK [2][]{subsection.5.3}{\376\377\0005\000.\0003\000\040\225\356\230\230\116\011\152\041\127\213\166\204\136\372\172\313\116\016\154\102\211\343}{section.5}% 18
\BOOKMARK [3][]{subsubsection.5.3.1}{\376\377\0005\000.\0003\000.\0001\000\040\152\041\127\213\166\204\136\372\172\313}{subsection.5.3}% 19
\BOOKMARK [3][]{subsubsection.5.3.2}{\376\377\0005\000.\0003\000.\0002\000\040\152\041\127\213\166\204\154\102\211\343}{subsection.5.3}% 20
\BOOKMARK [2][]{subsection.5.4}{\376\377\0005\000.\0004\000\040\225\356\230\230\126\333\152\041\127\213\166\204\136\372\172\313\116\016\154\102\211\343}{section.5}% 21
\BOOKMARK [3][]{subsubsection.5.4.1}{\376\377\0005\000.\0004\000.\0001\000\040\152\041\127\213\166\204\136\372\172\313}{subsection.5.4}% 22
\BOOKMARK [3][]{subsubsection.5.4.2}{\376\377\0005\000.\0004\000.\0002\000\040\152\041\127\213\166\204\154\102\211\343}{subsection.5.4}% 23
\BOOKMARK [1][]{section.6}{\376\377\121\155\060\001\000\040\152\041\127\213\166\204\122\006\147\220\116\016\150\300\232\214}{}% 24
\BOOKMARK [2][]{subsection.6.1}{\376\377\0006\000.\0001\000\040\123\302\145\160\160\165\145\117\136\246\122\006\147\220}{section.6}% 25
\BOOKMARK [2][]{subsection.6.2}{\376\377\0006\000.\0002\000\040\133\371\122\035\140\001\142\160\122\250\166\204\172\063\133\232\140\047\122\006\147\220}{section.6}% 26
\BOOKMARK [2][]{subsection.6.3}{\376\377\0006\000.\0003\000\040\133\371\220\350\122\006\123\237\131\313\120\107\213\276\166\204\232\214\213\301}{section.6}% 27
\BOOKMARK [1][]{section.7}{\376\377\116\003\060\001\000\040\152\041\127\213\166\204\213\304\116\367\060\001\145\071\217\333\116\016\143\250\136\177}{}% 28
\BOOKMARK [2][]{subsection.7.1}{\376\377\0007\000.\0001\000\040\152\041\127\213\166\204\117\030\160\271}{section.7}% 29
\BOOKMARK [2][]{subsection.7.2}{\376\377\0007\000.\0002\000\040\152\041\127\213\166\204\177\072\160\271}{section.7}% 30
\BOOKMARK [2][]{subsection.7.3}{\376\377\0007\000.\0003\000\040\152\041\127\213\166\204\145\071\217\333}{section.7}% 31
\BOOKMARK [2][]{subsection.7.4}{\376\377\0007\000.\0004\000\040\152\041\127\213\166\204\143\250\136\177}{section.7}% 32
\BOOKMARK [1][]{section*.13}{\376\377\123\302\200\003\145\207\163\056}{}% 33
\BOOKMARK [1][]{appendix.a.A}{\376\377\226\104\137\125\000\040\000A\000\040\225\356\230\230\116\000}{}% 34
\BOOKMARK [1][]{appendix.a.B}{\376\377\226\104\137\125\000\040\000B\000\040\225\356\230\230\116\214}{}% 35
\BOOKMARK [1][]{appendix.a.C}{\376\377\226\104\137\125\000\040\000C\000\040\225\356\230\230\116\011}{}% 36
\BOOKMARK [1][]{appendix.a.D}{\376\377\226\104\137\125\000\040\000D\000\040\225\356\230\230\126\333}{}% 37
\BOOKMARK [1][]{appendix.a.E}{\376\377\226\104\137\125\000\040\000E\000\040\123\302\145\160\160\165\145\117\136\246\122\006\147\220}{}% 38
\BOOKMARK [1][]{appendix.a.F}{\376\377\226\104\137\125\000\040\000F\000\040\133\371\122\035\140\001\142\160\122\250\166\204\172\063\133\232\140\047\122\006\147\220}{}% 39
