\BOOKMARK [1][]{section.1}{\376\377\116\000\060\001\000\040\225\356\230\230\221\315\217\360}{}% 1
\BOOKMARK [2][]{subsection.1.1}{\376\377\0001\000.\0001\000\040\225\356\230\230\200\314\146\157}{section.1}% 2
\BOOKMARK [2][]{subsection.1.2}{\376\377\0001\000.\0002\000\040\225\356\230\230\221\315\217\360}{section.1}% 3
\BOOKMARK [1][]{section.2}{\376\377\116\214\060\001\000\040\225\356\230\230\122\006\147\220}{}% 4
\BOOKMARK [2][]{subsection.2.1}{\376\377\0002\000.\0001\000\040\225\356\230\230\116\000\166\204\122\006\147\220}{section.2}% 5
\BOOKMARK [2][]{subsection.2.2}{\376\377\0002\000.\0002\000\040\225\356\230\230\116\214\166\204\122\006\147\220}{section.2}% 6
\BOOKMARK [2][]{subsection.2.3}{\376\377\0002\000.\0003\000\040\225\356\230\230\116\011\166\204\122\006\147\220}{section.2}% 7
\BOOKMARK [2][]{subsection.2.4}{\376\377\0002\000.\0004\000\040\225\356\230\230\126\333\166\204\122\006\147\220}{section.2}% 8
\BOOKMARK [1][]{section.3}{\376\377\116\011\060\001\000\040\152\041\127\213\120\107\213\276}{}% 9
\BOOKMARK [1][]{section.4}{\376\377\126\333\060\001\000\040\173\046\123\367\213\364\146\016}{}% 10
\BOOKMARK [1][]{section.5}{\376\377\116\224\060\001\000\040\152\041\127\213\166\204\136\372\172\313\116\016\154\102\211\343}{}% 11
\BOOKMARK [2][]{subsection.5.1}{\376\377\0005\000.\0001\000\040\225\356\230\230\116\000\152\041\127\213\166\204\136\372\172\313\116\016\154\102\211\343}{section.5}% 12
\BOOKMARK [3][]{subsubsection.5.1.1}{\376\377\0005\000.\0001\000.\0001\000\040\211\206\166\326\133\275\136\246\000-\221\315\123\340\163\207\152\041\127\213\136\372\172\313}{subsection.5.1}% 13
\BOOKMARK [3][]{subsubsection.5.1.2}{\376\377\0005\000.\0001\000.\0002\000\040\155\167\136\225\155\361\136\246\060\001\211\206\166\326\133\275\136\246\116\016\221\315\123\340\163\207\166\204\154\102\211\343}{subsection.5.1}% 14
\BOOKMARK [3][]{subsubsection.5.1.3}{\376\377\0005\000.\0001\000.\0003\000\040\154\102\211\343\176\323\147\234}{subsection.5.1}% 15
\BOOKMARK [2][]{subsection.5.2}{\376\377\0005\000.\0002\000\040\225\356\230\230\116\214\152\041\127\213\166\204\136\372\172\313\116\016\154\102\211\343}{section.5}% 16
\BOOKMARK [3][]{subsubsection.5.2.1}{\376\377\0005\000.\0002\000.\0001\000\040\127\120\150\007\174\373\166\204\136\372\172\313}{subsection.5.2}% 17
\BOOKMARK [3][]{subsubsection.5.2.2}{\376\377\0005\000.\0002\000.\0002\000\040\155\167\136\225\162\054\123\107\163\207\166\204\213\241\173\227}{subsection.5.2}% 18
\BOOKMARK [3][]{subsubsection.5.2.3}{\376\377\0005\000.\0002\000.\0003\000\040\211\206\166\326\133\275\136\246\166\204\154\102\211\343}{subsection.5.2}% 19
\BOOKMARK [3][]{subsubsection.5.2.4}{\376\377\0005\000.\0002\000.\0004\000\040\154\102\211\343\176\323\147\234}{subsection.5.2}% 20
\BOOKMARK [2][]{subsection.5.3}{\376\377\0005\000.\0003\000\040\225\356\230\230\116\011\152\041\127\213\166\204\136\372\172\313\116\016\154\102\211\343}{section.5}% 21
\BOOKMARK [3][]{subsubsection.5.3.1}{\376\377\0005\000.\0003\000.\0001\000\040\145\271\150\110\116\000\377\010\116\015\142\020\172\313\377\011\377\032\154\277\127\141\136\246\145\271\124\021\213\276\177\156\155\113\176\277}{subsection.5.3}% 22
\BOOKMARK [3][]{subsubsection.5.3.2}{\376\377\0005\000.\0003\000.\0002\000\040\145\271\150\110\116\214\377\032\154\277\173\111\155\361\176\277\145\271\124\021\213\276\177\156\155\113\176\277}{subsection.5.3}% 23
\BOOKMARK [3][]{subsubsection.5.3.3}{\376\377\0005\000.\0003\000.\0003\000\040\145\271\150\110\116\011\377\032\116\016\173\111\155\361\176\277\124\110\116\000\133\232\211\322\136\246\213\276\136\163\210\114\155\113\176\277}{subsection.5.3}% 24
\BOOKMARK [3][]{subsubsection.5.3.4}{\376\377\0005\000.\0003\000.\0004\000\040\213\301\146\016\000:\154\277\173\111\155\361\176\277\145\271\124\021\213\276\155\113\176\277\166\204\145\271\150\110\140\073\146\057\147\000\117\030\166\204}{subsection.5.3}% 25
\BOOKMARK [3][]{subsubsection.5.3.5}{\376\377\0005\000.\0003\000.\0005\000\040\147\000\176\310\154\102\211\343\176\323\147\234}{subsection.5.3}% 26
\BOOKMARK [2][]{subsection.5.4}{\376\377\0005\000.\0004\000\040\225\356\230\230\126\333\152\041\127\213\166\204\136\372\172\313\116\016\154\102\211\343}{section.5}% 27
\BOOKMARK [3][]{subsubsection.5.4.1}{\376\377\0005\000.\0004\000.\0001\000\040\152\041\127\213\121\306\131\007\377\032\131\032\154\342\147\137\143\142\200\375\126\150\137\000\211\322\166\204\170\156\133\232}{subsection.5.4}% 28
\BOOKMARK [3][]{subsubsection.5.4.2}{\376\377\0005\000.\0004\000.\0002\000\040\152\041\127\213\121\306\131\007\377\032\155\167\155\361\122\006\136\003\145\160\143\156\166\204\122\006\147\220}{subsection.5.4}% 29
\BOOKMARK [3][]{subsubsection.5.4.3}{\376\377\0005\000.\0004\000.\0003\000\040\152\041\127\213\121\306\131\007\377\032\155\113\176\277\147\141\136\046\217\321\117\074\213\241\173\227\145\271\154\325}{subsection.5.4}% 30
\BOOKMARK [3][]{subsubsection.5.4.4}{\376\377\0005\000.\0004\000.\0004\000\040\152\041\127\213\121\306\131\007\377\032\166\370\220\273\147\141\136\046\221\315\123\340\163\207\213\241\173\227\145\271\154\325}{subsection.5.4}% 31
\BOOKMARK [3][]{subsubsection.5.4.5}{\376\377\0005\000.\0004\000.\0005\000\040\152\041\127\213\121\306\131\007\377\032\157\017\155\113\163\207\213\241\173\227\145\271\154\325}{subsection.5.4}% 32
\BOOKMARK [3][]{subsubsection.5.4.6}{\376\377\0005\000.\0004\000.\0006\000\040\220\032\165\050\145\271\154\325\377\032\127\372\116\216\215\052\137\303\173\227\154\325\166\204\136\003\176\277\173\126\165\145}{subsection.5.4}% 33
\BOOKMARK [3][]{subsubsection.5.4.7}{\376\377\0005\000.\0004\000.\0007\000\040\127\372\170\100\145\271\150\110\377\032\172\357\160\271\131\004\221\315\123\340\163\207\116\000\201\364\166\204\136\003\176\277\145\271\150\110}{subsection.5.4}% 34
\BOOKMARK [3][]{subsubsection.5.4.8}{\376\377\0005\000.\0004\000.\0008\000\040\117\030\123\026\145\271\150\110\116\000\377\032\127\372\116\216\122\250\140\001\172\357\160\271\131\004\221\315\123\340\163\207\166\204\136\003\176\277\145\271\150\110}{subsection.5.4}% 35
\BOOKMARK [3][]{subsubsection.5.4.9}{\376\377\0005\000.\0004\000.\0009\000\040\117\030\123\026\145\271\150\110\116\214\377\032\127\372\116\216\155\167\127\337\122\022\122\006\166\204\136\003\176\277\145\271\150\110}{subsection.5.4}% 36
\BOOKMARK [3][]{subsubsection.5.4.10}{\376\377\0005\000.\0004\000.\0001\0000\000\040\154\102\211\343\176\323\147\234}{subsection.5.4}% 37
\BOOKMARK [1][]{section.6}{\376\377\121\155\060\001\000\040\152\041\127\213\166\204\122\006\147\220\116\016\150\300\232\214}{}% 38
\BOOKMARK [2][]{subsection.6.1}{\376\377\0006\000.\0001\000\040\225\356\230\230\126\333\116\055\213\357\135\356\147\145\156\220\166\204\122\006\147\220}{section.6}% 39
\BOOKMARK [2][]{subsection.6.2}{\376\377\0006\000.\0002\000\040\225\356\230\230\126\333\116\055\220\350\122\006\217\321\117\074\145\271\154\325\166\204\124\010\164\006\140\047\150\300\232\214}{section.6}% 40
\BOOKMARK [1][]{section.7}{\376\377\116\003\060\001\000\040\152\041\127\213\166\204\213\304\116\367\060\001\145\071\217\333\116\016\143\250\136\177}{}% 41
\BOOKMARK [2][]{subsection.7.1}{\376\377\0007\000.\0001\000\040\152\041\127\213\166\204\117\030\160\271}{section.7}% 42
\BOOKMARK [2][]{subsection.7.2}{\376\377\0007\000.\0002\000\040\152\041\127\213\166\204\177\072\160\271}{section.7}% 43
\BOOKMARK [2][]{subsection.7.3}{\376\377\0007\000.\0003\000\040\152\041\127\213\166\204\145\071\217\333}{section.7}% 44
\BOOKMARK [2][]{subsection.7.4}{\376\377\0007\000.\0004\000\040\152\041\127\213\166\204\143\250\136\177}{section.7}% 45
\BOOKMARK [1][]{section*.35}{\376\377\123\302\200\003\145\207\163\056}{}% 46
\BOOKMARK [1][]{appendix.a.A}{\376\377\226\104\137\125\000\040\000A\000\040\145\057\144\221\147\120\145\231}{}% 47
\BOOKMARK [1][]{appendix.a.B}{\376\377\226\104\137\125\000\040\000B\000\040\225\356\230\230\116\000}{}% 48
\BOOKMARK [1][]{appendix.a.C}{\376\377\226\104\137\125\000\040\000C\000\040\225\356\230\230\116\214}{}% 49
\BOOKMARK [1][]{appendix.a.D}{\376\377\226\104\137\125\000\040\000D\000\040\225\356\230\230\116\011\000\040\040\024\040\024\000\040\220\020\160\271\211\206\166\326\163\207}{}% 50
\BOOKMARK [1][]{appendix.a.E}{\376\377\226\104\137\125\000\040\000E\000\040\225\356\230\230\116\011\000\040\040\024\040\024\000\040\121\150\227\142\171\357\211\206\166\326\163\207}{}% 51
\BOOKMARK [1][]{appendix.a.F}{\376\377\226\104\137\125\000\040\000F\000\040\225\356\230\230\116\011\147\000\117\030\136\003\176\277\140\305\121\265}{}% 52
\BOOKMARK [1][]{appendix.a.G}{\376\377\226\104\137\125\000\040\000G\000\040\225\356\230\230\126\333}{}% 53
\BOOKMARK [1][]{appendix.a.H}{\376\377\226\104\137\125\000\040\000H\000\040\117\335\133\130\145\160\143\156}{}% 54
